

/******************************************************************************************
* WriteStepFile diagnostics.
* Date:                           Tue Nov 16 03:36:15 2021 
* Produced by:                    The EXPRESS Data Manager Version 5.02.0100.07 : 28 Aug 2013
* Module:                         EDMstepFileFactory/EDMstandAlone
* Host:                           JAVI-PORTATIL-W10
* Database:                       C:\Users\jlori\AppData\Local\Temp\{B58239B6-6118-45BC-A249-9AE427C7B28A}\ifc
* Database version:               5507
* Database creation date:         Tue Nov 16 03:34:48 2021
* Model:                          DataRepository.ifc
* Model creation date:            Tue Nov 16 03:34:49 2021
* Header model:                   DataRepository.ifc_HeaderModel
* Header model creation date:     Tue Nov 16 03:34:49 2021
* Step file:                      rac_advanced_sample_project.ifc
* EDMuser:                        sdai-user
* EDMgroup:                       sdai-group
* License ID and type:            5605 : Permanent license. Expiry date: 
* EDMstepFileFactory options:     020000
******************************************************************************************/


------------------------------------------------------------------------------------------------
Operation terminated successfully.
------------------------------------------------------------------------------------------------

